13:42:05.930 INFO  i.g.bonigarcia.wdm.WebDriverManager - Using chromedriver 95.0.4638.17 (since Google Chrome 95 is installed in your machine) - (WebDriverManager.java:600) 
13:42:05.959 INFO  i.g.bonigarcia.wdm.WebDriverManager - Exporting webdriver.chrome.driver as /Users/akashgupta/.m2/repository/webdriver/chromedriver/mac64/95.0.4638.17/chromedriver - (WebDriverManager.java:1078) 
13:42:05.969 INFO  i.g.bonigarcia.wdm.WebDriverManager - Using chromedriver 95.0.4638.17 (since Google Chrome 95 is installed in your machine) - (WebDriverManager.java:600) 
13:42:05.976 INFO  i.g.bonigarcia.wdm.WebDriverManager - Exporting webdriver.chrome.driver as /Users/akashgupta/.m2/repository/webdriver/chromedriver/mac64/95.0.4638.17/chromedriver - (WebDriverManager.java:1078) 
13:42:05.986 INFO  i.g.bonigarcia.wdm.WebDriverManager - Using chromedriver 95.0.4638.17 (since Google Chrome 95 is installed in your machine) - (WebDriverManager.java:600) 
13:42:05.991 INFO  i.g.bonigarcia.wdm.WebDriverManager - Exporting webdriver.chrome.driver as /Users/akashgupta/.m2/repository/webdriver/chromedriver/mac64/95.0.4638.17/chromedriver - (WebDriverManager.java:1078) 
13:42:06.000 INFO  i.g.bonigarcia.wdm.WebDriverManager - Using chromedriver 95.0.4638.17 (since Google Chrome 95 is installed in your machine) - (WebDriverManager.java:600) 
13:42:06.005 INFO  i.g.bonigarcia.wdm.WebDriverManager - Exporting webdriver.chrome.driver as /Users/akashgupta/.m2/repository/webdriver/chromedriver/mac64/95.0.4638.17/chromedriver - (WebDriverManager.java:1078) 
13:42:06.014 INFO  i.g.bonigarcia.wdm.WebDriverManager - Using chromedriver 95.0.4638.17 (since Google Chrome 95 is installed in your machine) - (WebDriverManager.java:600) 
13:42:06.017 INFO  i.g.bonigarcia.wdm.WebDriverManager - Exporting webdriver.chrome.driver as /Users/akashgupta/.m2/repository/webdriver/chromedriver/mac64/95.0.4638.17/chromedriver - (WebDriverManager.java:1078) 
13:42:06.025 INFO  i.g.bonigarcia.wdm.WebDriverManager - Using chromedriver 95.0.4638.17 (since Google Chrome 95 is installed in your machine) - (WebDriverManager.java:600) 
13:42:06.030 INFO  i.g.bonigarcia.wdm.WebDriverManager - Exporting webdriver.chrome.driver as /Users/akashgupta/.m2/repository/webdriver/chromedriver/mac64/95.0.4638.17/chromedriver - (WebDriverManager.java:1078) 
13:42:06.035 INFO  i.g.bonigarcia.wdm.WebDriverManager - Using chromedriver 95.0.4638.17 (since Google Chrome 95 is installed in your machine) - (WebDriverManager.java:600) 
13:42:06.039 INFO  i.g.bonigarcia.wdm.WebDriverManager - Exporting webdriver.chrome.driver as /Users/akashgupta/.m2/repository/webdriver/chromedriver/mac64/95.0.4638.17/chromedriver - (WebDriverManager.java:1078) 
13:42:06.046 INFO  i.g.bonigarcia.wdm.WebDriverManager - Using chromedriver 95.0.4638.17 (since Google Chrome 95 is installed in your machine) - (WebDriverManager.java:600) 
13:42:06.050 INFO  i.g.bonigarcia.wdm.WebDriverManager - Exporting webdriver.chrome.driver as /Users/akashgupta/.m2/repository/webdriver/chromedriver/mac64/95.0.4638.17/chromedriver - (WebDriverManager.java:1078) 
13:42:06.055 INFO  i.g.bonigarcia.wdm.WebDriverManager - Using chromedriver 95.0.4638.17 (since Google Chrome 95 is installed in your machine) - (WebDriverManager.java:600) 
13:42:06.060 INFO  i.g.bonigarcia.wdm.WebDriverManager - Exporting webdriver.chrome.driver as /Users/akashgupta/.m2/repository/webdriver/chromedriver/mac64/95.0.4638.17/chromedriver - (WebDriverManager.java:1078) 
13:42:06.083 INFO  i.g.bonigarcia.wdm.WebDriverManager - Using chromedriver 95.0.4638.17 (since Google Chrome 95 is installed in your machine) - (WebDriverManager.java:600) 
13:42:06.087 INFO  i.g.bonigarcia.wdm.WebDriverManager - Exporting webdriver.chrome.driver as /Users/akashgupta/.m2/repository/webdriver/chromedriver/mac64/95.0.4638.17/chromedriver - (WebDriverManager.java:1078) 
13:42:16.935 INFO  c.educative.webdriver.DriverFactory - creating webdriver ChromeDriver: chrome on MAC (ea7084eb48ff2c36154db8c5a5f737d8) - (DriverFactory.java:73) 
13:42:17.109 INFO  c.educative.webdriver.DriverFactory - creating webdriver ChromeDriver: chrome on MAC (81e388d32ee78e6c07576722ba823939) - (DriverFactory.java:73) 
13:42:17.331 INFO  c.educative.webdriver.DriverFactory - creating webdriver ChromeDriver: chrome on MAC (fb7263de57667c1118fb59a0c6f3870e) - (DriverFactory.java:73) 
13:42:17.333 INFO  c.educative.webdriver.DriverFactory - creating webdriver ChromeDriver: chrome on MAC (40024df6ed1408b1d68980c0b9908cd9) - (DriverFactory.java:73) 
13:42:17.340 INFO  c.educative.webdriver.DriverFactory - creating webdriver ChromeDriver: chrome on MAC (fd3bed176c792548e79880045e1e4b06) - (DriverFactory.java:73) 
13:42:17.431 INFO  c.educative.webdriver.DriverFactory - creating webdriver ChromeDriver: chrome on MAC (df357c204069b9ca4ed09f70104d072f) - (DriverFactory.java:73) 
13:42:17.549 INFO  c.educative.webdriver.DriverFactory - creating webdriver ChromeDriver: chrome on MAC (58737897c2ee6da7ca40373f827ae020) - (DriverFactory.java:73) 
13:42:17.549 INFO  c.educative.webdriver.DriverFactory - creating webdriver ChromeDriver: chrome on MAC (2ad6ddd961c8087bbf82f6b3cfd14fc6) - (DriverFactory.java:73) 
13:42:17.596 INFO  c.educative.webdriver.DriverFactory - creating webdriver ChromeDriver: chrome on MAC (b827380dbb95529c07807a6dda8af2c4) - (DriverFactory.java:73) 
13:42:17.975 INFO  c.educative.webdriver.DriverFactory - creating webdriver ChromeDriver: chrome on MAC (9ea023d0b3db8fb15e269e49142fbae5) - (DriverFactory.java:73) 
13:42:29.470 INFO  c.educative.webdriver.DriverManager - removing webdriver ChromeDriver: chrome on MAC (81e388d32ee78e6c07576722ba823939) - (DriverManager.java:26) 
13:42:29.686 INFO  i.g.bonigarcia.wdm.WebDriverManager - Using chromedriver 95.0.4638.17 (since Google Chrome 95 is installed in your machine) - (WebDriverManager.java:600) 
13:42:29.691 INFO  i.g.bonigarcia.wdm.WebDriverManager - Exporting webdriver.chrome.driver as /Users/akashgupta/.m2/repository/webdriver/chromedriver/mac64/95.0.4638.17/chromedriver - (WebDriverManager.java:1078) 
13:42:32.386 INFO  c.educative.webdriver.DriverManager - removing webdriver ChromeDriver: chrome on MAC (2ad6ddd961c8087bbf82f6b3cfd14fc6) - (DriverManager.java:26) 
13:42:32.493 INFO  i.g.bonigarcia.wdm.WebDriverManager - Using chromedriver 95.0.4638.17 (since Google Chrome 95 is installed in your machine) - (WebDriverManager.java:600) 
13:42:32.496 INFO  i.g.bonigarcia.wdm.WebDriverManager - Exporting webdriver.chrome.driver as /Users/akashgupta/.m2/repository/webdriver/chromedriver/mac64/95.0.4638.17/chromedriver - (WebDriverManager.java:1078) 
13:42:33.131 INFO  c.educative.webdriver.DriverManager - removing webdriver ChromeDriver: chrome on MAC (fb7263de57667c1118fb59a0c6f3870e) - (DriverManager.java:26) 
13:42:33.238 INFO  i.g.bonigarcia.wdm.WebDriverManager - Using chromedriver 95.0.4638.17 (since Google Chrome 95 is installed in your machine) - (WebDriverManager.java:600) 
13:42:33.272 INFO  i.g.bonigarcia.wdm.WebDriverManager - Exporting webdriver.chrome.driver as /Users/akashgupta/.m2/repository/webdriver/chromedriver/mac64/95.0.4638.17/chromedriver - (WebDriverManager.java:1078) 
13:42:36.915 INFO  c.educative.webdriver.DriverManager - removing webdriver ChromeDriver: chrome on MAC (40024df6ed1408b1d68980c0b9908cd9) - (DriverManager.java:26) 
13:42:37.597 INFO  i.g.bonigarcia.wdm.WebDriverManager - Using chromedriver 95.0.4638.17 (since Google Chrome 95 is installed in your machine) - (WebDriverManager.java:600) 
13:42:37.600 INFO  i.g.bonigarcia.wdm.WebDriverManager - Exporting webdriver.chrome.driver as /Users/akashgupta/.m2/repository/webdriver/chromedriver/mac64/95.0.4638.17/chromedriver - (WebDriverManager.java:1078) 
13:42:38.962 INFO  c.educative.webdriver.DriverManager - removing webdriver ChromeDriver: chrome on MAC (df357c204069b9ca4ed09f70104d072f) - (DriverManager.java:26) 
13:42:41.609 INFO  c.educative.webdriver.DriverManager - removing webdriver ChromeDriver: chrome on MAC (fd3bed176c792548e79880045e1e4b06) - (DriverManager.java:26) 
13:42:41.720 INFO  c.educative.webdriver.DriverManager - removing webdriver ChromeDriver: chrome on MAC (9ea023d0b3db8fb15e269e49142fbae5) - (DriverManager.java:26) 
13:42:41.763 INFO  c.educative.webdriver.DriverManager - removing webdriver ChromeDriver: chrome on MAC (b827380dbb95529c07807a6dda8af2c4) - (DriverManager.java:26) 
13:42:42.837 INFO  c.educative.webdriver.DriverFactory - creating webdriver ChromeDriver: chrome on MAC (3db0e47e0fd0cf057443a876afa3ab7c) - (DriverFactory.java:73) 
13:42:44.979 INFO  c.educative.webdriver.DriverManager - removing webdriver ChromeDriver: chrome on MAC (ea7084eb48ff2c36154db8c5a5f737d8) - (DriverManager.java:26) 
13:42:46.150 INFO  c.educative.webdriver.DriverFactory - creating webdriver ChromeDriver: chrome on MAC (c0cb0a246c9ea33f6fa47f6159531171) - (DriverFactory.java:73) 
13:42:46.150 INFO  c.educative.webdriver.DriverFactory - creating webdriver ChromeDriver: chrome on MAC (b59c6585702a870afe08fa4069d0200d) - (DriverFactory.java:73) 
13:42:46.303 INFO  c.educative.webdriver.DriverFactory - creating webdriver ChromeDriver: chrome on MAC (bdb3a457723eb9d99d5aff738f03472f) - (DriverFactory.java:73) 
13:42:47.077 INFO  c.educative.webdriver.DriverManager - removing webdriver ChromeDriver: chrome on MAC (3db0e47e0fd0cf057443a876afa3ab7c) - (DriverManager.java:26) 
13:42:48.424 INFO  com.educative.BaseTest - Cookie Value: educativeCookie - (TestCookie.java:29) 
13:42:48.508 INFO  c.educative.webdriver.DriverManager - removing webdriver ChromeDriver: chrome on MAC (bdb3a457723eb9d99d5aff738f03472f) - (DriverManager.java:26) 
13:42:50.385 INFO  c.educative.webdriver.DriverManager - removing webdriver ChromeDriver: chrome on MAC (58737897c2ee6da7ca40373f827ae020) - (DriverManager.java:26) 
13:42:50.490 INFO  i.g.bonigarcia.wdm.WebDriverManager - Using chromedriver 95.0.4638.17 (since Google Chrome 95 is installed in your machine) - (WebDriverManager.java:600) 
13:42:50.495 INFO  i.g.bonigarcia.wdm.WebDriverManager - Exporting webdriver.chrome.driver as /Users/akashgupta/.m2/repository/webdriver/chromedriver/mac64/95.0.4638.17/chromedriver - (WebDriverManager.java:1078) 
13:42:51.914 INFO  c.educative.webdriver.DriverFactory - creating webdriver ChromeDriver: chrome on MAC (f1727200cb1d0807175910e5ec1b2832) - (DriverFactory.java:73) 
13:42:52.109 INFO  com.educative.pages.AbstractBasePage - searching query 'educative' - (GoogleSearch.java:24) 
13:42:55.274 INFO  c.educative.webdriver.DriverManager - removing webdriver ChromeDriver: chrome on MAC (b59c6585702a870afe08fa4069d0200d) - (DriverManager.java:26) 
13:42:56.527 INFO  com.educative.pages.AbstractBasePage - navigating to next page - (SearchResults.java:23) 
13:43:00.173 INFO  c.educative.webdriver.DriverManager - removing webdriver ChromeDriver: chrome on MAC (c0cb0a246c9ea33f6fa47f6159531171) - (DriverManager.java:26) 
13:43:00.284 INFO  i.g.bonigarcia.wdm.WebDriverManager - Using chromedriver 95.0.4638.17 (since Google Chrome 95 is installed in your machine) - (WebDriverManager.java:600) 
13:43:00.291 INFO  i.g.bonigarcia.wdm.WebDriverManager - Exporting webdriver.chrome.driver as /Users/akashgupta/.m2/repository/webdriver/chromedriver/mac64/95.0.4638.17/chromedriver - (WebDriverManager.java:1078) 
13:43:01.837 INFO  c.educative.webdriver.DriverFactory - creating webdriver ChromeDriver: chrome on MAC (fc4ad47ad85be67cfb3ee52c53c4546c) - (DriverFactory.java:73) 
13:43:03.550 INFO  c.educative.webdriver.DriverManager - removing webdriver ChromeDriver: chrome on MAC (f1727200cb1d0807175910e5ec1b2832) - (DriverManager.java:26) 
13:43:06.160 INFO  com.educative.pages.AbstractBasePage - searching query 'educative' - (GoogleSearch.java:24) 
13:43:10.895 INFO  com.educative.BaseTest - saving screenshot to /Users/akashgupta/Downloads/educative-ui-test-framework/screenshots/testgooglesearch_testgooglesearchfailure.png - (BaseTest.java:68) 
13:43:10.895 INFO  c.educative.webdriver.DriverManager - removing webdriver ChromeDriver: chrome on MAC (fc4ad47ad85be67cfb3ee52c53c4546c) - (DriverManager.java:26) 
13:43:11.420 INFO  i.g.bonigarcia.wdm.WebDriverManager - Using chromedriver 95.0.4638.17 (since Google Chrome 95 is installed in your machine) - (WebDriverManager.java:600) 
13:43:11.426 INFO  i.g.bonigarcia.wdm.WebDriverManager - Exporting webdriver.chrome.driver as /Users/akashgupta/.m2/repository/webdriver/chromedriver/mac64/95.0.4638.17/chromedriver - (WebDriverManager.java:1078) 
13:43:14.139 INFO  c.educative.webdriver.DriverFactory - creating webdriver ChromeDriver: chrome on MAC (c1403ad35fcb0db45f8319dcee832ec8) - (DriverFactory.java:73) 
13:43:16.386 INFO  com.educative.pages.AbstractBasePage - searching query 'educative' - (GoogleSearch.java:24) 
13:43:21.745 INFO  com.educative.pages.AbstractBasePage - navigating to next page - (SearchResults.java:23) 
13:44:23.715 INFO  com.educative.BaseTest - saving screenshot to /Users/akashgupta/Downloads/educative-ui-test-framework/screenshots/testmobilegooglesearch_testgooglesearch.png - (BaseTest.java:68) 
13:44:23.715 INFO  c.educative.webdriver.DriverManager - removing webdriver ChromeDriver: chrome on MAC (c1403ad35fcb0db45f8319dcee832ec8) - (DriverManager.java:26) 
13:44:23.931 INFO  i.g.bonigarcia.wdm.WebDriverManager - Using chromedriver 95.0.4638.17 (since Google Chrome 95 is installed in your machine) - (WebDriverManager.java:600) 
13:44:23.938 INFO  i.g.bonigarcia.wdm.WebDriverManager - Exporting webdriver.chrome.driver as /Users/akashgupta/.m2/repository/webdriver/chromedriver/mac64/95.0.4638.17/chromedriver - (WebDriverManager.java:1078) 
13:44:26.695 INFO  c.educative.webdriver.DriverFactory - creating webdriver ChromeDriver: chrome on MAC (344fb94d290fc3f478a819a2110c6035) - (DriverFactory.java:73) 
13:44:28.684 INFO  com.educative.pages.AbstractBasePage - searching query 'educative' - (GoogleSearch.java:24) 
13:44:33.403 INFO  com.educative.BaseTest - saving screenshot to /Users/akashgupta/Downloads/educative-ui-test-framework/screenshots/testmobilegooglesearch_testgooglesearchfailure.png - (BaseTest.java:68) 
13:44:33.406 INFO  c.educative.webdriver.DriverManager - removing webdriver ChromeDriver: chrome on MAC (344fb94d290fc3f478a819a2110c6035) - (DriverManager.java:26) 
